\BOOKMARK [1][-]{section.1}{\376\377\004\046\004\065\004\073\004\114\000\040\004\070\000\040\004\067\004\060\004\064\004\060\004\107\004\070\000\040\004\072\004\103\004\100\004\101\004\076\004\062\004\076\004\071\000\040\004\100\004\060\004\061\004\076\004\102\004\113}{}% 1
\BOOKMARK [1][-]{section.2}{\376\377\004\044\004\076\004\100\004\074\004\113\000\040\004\076\004\102\004\107\004\121\004\102\004\075\004\076\004\101\004\102\004\070\000\040\004\070\000\040\004\102\004\065\004\105\004\075\004\076\004\073\004\076\004\063\004\070\004\117\000\040\004\067\004\060\004\111\004\070\004\102\004\113\000\040\004\100\004\060\004\061\004\076\004\102\004\113}{}% 2
\BOOKMARK [1][-]{section.3}{\376\377\004\041\004\102\004\100\004\103\004\072\004\102\004\103\004\100\004\060\000\040\004\076\004\102\004\107\004\121\004\102\004\060}{}% 3
\BOOKMARK [1][-]{section.4}{\376\377\004\041\004\102\004\100\004\103\004\072\004\102\004\103\004\100\004\060\000\040\004\077\004\100\004\065\004\067\004\065\004\075\004\102\004\060\004\106\004\070\004\070}{}% 4
\BOOKMARK [1][-]{section.5}{\376\377\004\041\004\076\004\064\004\065\004\100\004\066\004\060\004\075\004\070\004\065\000\040\004\076\004\102\004\107\004\121\004\102\004\060}{}% 5
\BOOKMARK [2][-]{subsection.5.1}{\376\377\004\042\004\065\004\072\004\101\004\102\004\076\004\062\004\076\004\065\000\040\004\076\004\077\004\070\004\101\004\060\004\075\004\070\004\065\000\040\004\077\004\100\004\065\004\064\004\074\004\065\004\102\004\075\004\076\004\071\000\040\004\076\004\061\004\073\004\060\004\101\004\102\004\070}{section.5}% 6
\BOOKMARK [2][-]{subsection.5.2}{\376\377\004\036\004\077\004\100\004\065\004\064\004\065\004\073\004\065\004\075\004\070\004\065\000\040\004\076\004\101\004\075\004\076\004\062\004\075\004\113\004\105\000\040\004\077\004\076\004\075\004\117\004\102\004\070\004\071}{section.5}% 7
\BOOKMARK [2][-]{subsection.5.3}{\376\377\004\036\004\077\004\070\004\101\004\060\004\075\004\070\004\065\000\040\004\076\004\101\004\075\004\076\004\062\004\075\004\076\004\063\004\076\000\040\004\060\004\062\004\102\004\076\004\074\004\060\004\102\004\070\004\067\004\070\004\100\004\103\004\065\004\074\004\076\004\063\004\076\000\040\004\077\004\100\004\076\004\106\004\065\004\101\004\101\004\060}{section.5}% 8
\BOOKMARK [2][-]{subsection.5.4}{\376\377\004\030\004\065\004\100\004\060\004\100\004\105\004\070\004\117\000\040\004\076\004\061\004\112\004\065\004\072\004\102\004\076\004\062\000\040\004\077\004\100\004\065\004\064\004\074\004\065\004\102\004\075\004\076\004\071\000\040\004\076\004\061\004\073\004\060\004\101\004\102\004\070}{section.5}% 9
\BOOKMARK [2][-]{subsection.5.5}{\376\377\000E\000R\000-\004\064\004\070\004\060\004\063\004\100\004\060\004\074\004\074\004\060}{section.5}% 10
\BOOKMARK [2][-]{subsection.5.6}{\376\377\004\041\004\105\004\065\004\074\004\113\000\040\004\061\004\060\004\067\004\113\000\040\004\064\004\060\004\075\004\075\004\113\004\105}{section.5}% 11
\BOOKMARK [2][-]{subsection.5.7}{\376\377\004\036\004\077\004\070\004\101\004\060\004\075\004\070\004\065\000\040\004\100\004\060\004\101\004\077\004\100\004\065\004\064\004\065\004\073\004\065\004\075\004\070\004\117\000\040\004\064\004\060\004\075\004\075\004\113\004\105}{section.5}% 12
\BOOKMARK [2][-]{subsection.5.8}{\376\377\004\023\004\065\004\075\004\065\004\100\004\060\004\106\004\070\004\117\000\040\004\070\004\101\004\105\004\076\004\064\004\075\004\113\004\105\000\040\004\064\004\060\004\075\004\075\004\113\004\105}{section.5}% 13
\BOOKMARK [2][-]{subsection.5.9}{\376\377\004\040\004\065\004\060\004\073\004\070\004\067\004\060\004\106\004\070\004\117\000\040\004\070\000\040\004\076\004\077\004\070\004\101\004\060\004\075\004\070\004\065\000\040\004\100\004\065\004\067\004\103\004\073\004\114\004\102\004\060\004\102\004\076\004\062\000\040\004\067\004\060\004\077\004\100\004\076\004\101\004\076\004\062}{section.5}% 14
\BOOKMARK [3][-]{subsubsection.5.9.1}{\376\377\004\036\004\077\004\070\004\101\004\060\004\075\004\070\004\065\000\040\004\067\004\060\004\077\004\100\004\076\004\101\004\060\000\040\004\075\004\060\000\040\004\065\004\101\004\102\004\065\004\101\004\102\004\062\004\065\004\075\004\075\004\076\004\074\000\040\004\117\004\067\004\113\004\072\004\065}{subsection.5.9}% 15
\BOOKMARK [3][-]{subsubsection.5.9.2}{\376\377\004\042\004\065\004\072\004\101\004\102\000\040\004\067\004\060\004\077\004\100\004\076\004\101\004\060\000\040\004\075\004\060\000\040\004\117\004\067\004\113\004\072\004\065\000\040\000S\000Q\000L}{subsection.5.9}% 16
\BOOKMARK [3][-]{subsubsection.5.9.3}{\376\377\004\040\004\065\004\073\004\117\004\106\004\070\004\076\004\075\004\075\004\060\004\117\000\040\004\104\004\076\004\100\004\074\004\103\004\073\004\060\000\040\004\067\004\060\004\077\004\100\004\076\004\101\004\060}{subsection.5.9}% 17
\BOOKMARK [3][-]{subsubsection.5.9.4}{\376\377\004\040\004\065\004\067\004\103\004\073\004\114\004\102\004\060\004\102\004\113\000\040\004\062\004\113\004\077\004\076\004\073\004\075\004\065\004\075\004\070\004\117\000\040\004\067\004\060\004\077\004\100\004\076\004\101\004\060}{subsection.5.9}% 18
\BOOKMARK [3][-]{subsubsection.5.9.5}{\376\377\004\022\004\113\004\107\004\070\004\101\004\073\004\065\004\075\004\070\004\065\000\040\004\105\004\060\004\100\004\060\004\072\004\102\004\065\004\100\004\070\004\101\004\102\004\070\004\072\000\040\004\100\004\060\004\101\004\077\004\100\004\065\004\064\004\065\004\073\004\065\004\075\004\070\004\117\000\040\004\064\004\060\004\075\004\075\004\113\004\105}{subsection.5.9}% 19
\BOOKMARK [3][-]{subsubsection.5.9.6}{\376\377\004\037\004\076\004\101\004\102\004\100\004\076\004\065\004\075\004\070\004\065\000\040\004\063\004\100\004\060\004\104\004\070\004\072\004\076\004\062\000\040\004\070\000\040\004\064\004\070\004\060\004\063\004\100\004\060\004\074\004\074}{subsection.5.9}% 20
\BOOKMARK [2][-]{subsection.5.10}{\376\377\004\022\004\113\004\062\004\076\004\064\004\113}{section.5}% 21
\BOOKMARK [2][-]{subsection.5.11}{\376\377\004\037\004\100\004\070\004\073\004\076\004\066\004\065\004\075\004\070\004\117}{section.5}% 22
\BOOKMARK [3][-]{subsubsection.5.11.1}{\376\377\004\037\004\100\004\070\004\073\004\076\004\066\004\065\004\075\004\070\004\065\000\040\004\020\000.\000\040\004\037\004\100\004\076\004\063\004\100\004\060\004\074\004\074\004\060\000\040\004\101\004\076\004\067\004\064\004\060\004\075\004\070\004\117\000\040\004\101\004\105\004\065\004\074\004\113\000\040\004\061\004\060\004\067\004\113\000\040\004\064\004\060\004\075\004\075\004\113\004\105}{subsection.5.11}% 23
\BOOKMARK [3][-]{subsubsection.5.11.2}{\376\377\004\037\004\100\004\070\004\073\004\076\004\066\004\065\004\075\004\070\004\065\000\040\004\021\000.\000\040\004\037\004\100\004\076\004\063\004\100\004\060\004\074\004\074\004\060\000\040\004\063\004\065\004\075\004\065\004\100\004\060\004\106\004\070\004\070\000\040\004\064\004\060\004\075\004\075\004\113\004\105}{subsection.5.11}% 24
\BOOKMARK [3][-]{subsubsection.5.11.3}{\376\377\004\037\004\100\004\070\004\073\004\076\004\066\004\065\004\075\004\070\004\065\000\040\004\041\000.\000\040\004\041\004\073\004\060\004\071\004\064\004\113\000\040\004\077\004\100\004\065\004\067\004\065\004\075\004\102\004\060\004\106\004\070\004\070}{subsection.5.11}% 25
\BOOKMARK [1][-]{section.6}{\376\377\004\037\004\100\004\070\004\074\004\065\004\100\004\075\004\113\004\065\000\040\004\102\004\065\004\074\004\113\000\040\004\072\004\103\004\100\004\101\004\076\004\062\004\113\004\105\000\040\004\100\004\060\004\061\004\076\004\102}{}% 26
\BOOKMARK [1][-]{section.7}{\376\377\004\042\004\065\004\105\004\075\004\070\004\107\004\065\004\101\004\072\004\070\004\065\000\040\004\101\004\100\004\065\004\064\004\101\004\102\004\062\004\060\000\040\004\070\000\040\004\102\004\065\004\105\004\075\004\076\004\073\004\076\004\063\004\070\004\117\000\040\004\062\004\113\004\077\004\076\004\073\004\075\004\065\004\075\004\070\004\117\000\040\004\072\004\103\004\100\004\101\004\076\004\062\004\076\004\071\000\040\004\100\004\060\004\061\004\076\004\102\004\113}{}% 27
\BOOKMARK [2][-]{subsection.7.1}{\376\377\004\042\004\065\004\105\004\075\004\076\004\073\004\076\004\063\004\070\004\117\000\040\004\062\004\113\004\077\004\076\004\073\004\075\004\065\004\075\004\070\004\117\000\040\004\100\004\060\004\061\004\076\004\102\004\113}{section.7}% 28
\BOOKMARK [3][-]{subsubsection.7.1.1}{\376\377\004\041\004\105\004\065\004\074\004\060\000\040\004\062\004\067\004\060\004\070\004\074\004\076\004\064\004\065\004\071\004\101\004\102\004\062\004\070\004\117\000\040\004\072\004\076\004\074\004\077\004\076\004\075\004\065\004\075\004\102\000\040\004\077\004\100\004\076\004\063\004\100\004\060\004\074\004\074\004\075\004\076\004\063\004\076\000\040\004\076\004\061\004\065\004\101\004\077\004\065\004\107\004\065\004\075\004\070\004\117}{subsection.7.1}% 29
\BOOKMARK [3][-]{subsubsection.7.1.2}{\376\377\004\037\004\100\004\076\004\063\004\100\004\060\004\074\004\074\004\075\004\076\004\065\000\040\004\076\004\061\004\065\004\101\004\077\004\065\004\107\004\065\004\075\004\070\004\065}{subsection.7.1}% 30
\BOOKMARK [3][-]{subsubsection.7.1.3}{\376\377\004\037\004\100\004\065\004\067\004\065\004\075\004\102\004\060\004\106\004\070\004\117}{subsection.7.1}% 31
\BOOKMARK [3][-]{subsubsection.7.1.4}{\376\377\004\036\004\102\004\107\004\121\004\102}{subsection.7.1}% 32
\BOOKMARK [1][-]{section.8}{\376\377\004\036\004\101\004\075\004\076\004\062\004\075\004\113\004\065\000\040\004\070\000\040\004\062\004\101\004\077\004\076\004\074\004\076\004\063\004\060\004\102\004\065\004\073\004\114\004\075\004\113\004\065\000\040\004\070\004\101\004\102\004\076\004\107\004\075\004\070\004\072\004\070}{}% 33
