This is pdfTeX, Version 3.14159265-2.6-1.40.18 (MiKTeX 2.9.6350 64-bit) (preloaded format=pdflatex 2017.6.29)  22 JUL 2017 11:45
entering extended mode
**./database.tex
(database.tex
LaTeX2e <2017-04-15>
Babel <3.10> and hyphenation patterns for 75 language(s) loaded.
("C:\Program Files\MiKTeX 2.9\tex\latex\base\article.cls"
Document Class: article 2014/09/29 v1.4h Standard LaTeX document class
("C:\Program Files\MiKTeX 2.9\tex\latex\base\size10.clo"
File: size10.clo 2014/09/29 v1.4h Standard LaTeX file (size option)
)
\c@part=\count79
\c@section=\count80
\c@subsection=\count81
\c@subsubsection=\count82
\c@paragraph=\count83
\c@subparagraph=\count84
\c@figure=\count85
\c@table=\count86
\abovecaptionskip=\skip41
\belowcaptionskip=\skip42
\bibindent=\dimen102
)
("C:\Program Files\MiKTeX 2.9\tex\latex\base\inputenc.sty"
Package: inputenc 2015/03/17 v1.2c Input encoding file
\inpenc@prehook=\toks14
\inpenc@posthook=\toks15

("C:\Program Files\MiKTeX 2.9\tex\latex\cyrillic\cp1251.def"
File: cp1251.def 2014/10/28 v1.0d Input encoding file
))
("C:\Program Files\MiKTeX 2.9\tex\latex\base\fontenc.sty"
Package: fontenc 2017/04/05 v2.0i Standard LaTeX package

("C:\Program Files\MiKTeX 2.9\tex\latex\cyrillic\t2aenc.def"
File: t2aenc.def 2005/09/27 v1.0i Cyrillic encoding definition file
)
LaTeX Font Info:    Try loading font information for T2A+cmr on input line 105.


("C:\Program Files\MiKTeX 2.9\tex\latex\cyrillic\t2acmr.fd"
File: t2acmr.fd 2001/08/11 v1.0a Computer Modern Cyrillic font definitions
))
("C:\Program Files\MiKTeX 2.9\tex\generic\babel\babel.sty"
Package: babel 2017/05/19 3.10 The Babel package

*************************************
* Local config file bblopts.cfg used
*
("C:\Program Files\MiKTeX 2.9\tex\latex\arabi\bblopts.cfg"
File: bblopts.cfg 2005/09/08 v0.1 add Arabic and Farsi to "declared" options of
 babel
)
("C:\Program Files\MiKTeX 2.9\tex\latex\babel-english\english.ldf"
Language: english 2017/01/24 v3.3q English support from the babel system

("C:\Program Files\MiKTeX 2.9\tex\generic\babel\babel.def"
File: babel.def 2017/05/19 3.10 Babel common definitions
\babel@savecnt=\count87
\U@D=\dimen103
)
\l@canadian = a dialect from \language\l@american 
\l@australian = a dialect from \language\l@british 
\l@newzealand = a dialect from \language\l@british 
)
("C:\Program Files\MiKTeX 2.9\tex\latex\babel-russian\russianb.ldf"
Language: russianb 2017/01/12 1.3i Russian support for the Babel system
Package babel Info: Making " an active character on input line 111.
))
("C:\Program Files\MiKTeX 2.9\tex\latex\pscyr\pscyr.sty"
Package: pscyr 2002/07/04 v0.4d Cyrillic Type1 fonts as default
)
("C:\Program Files\MiKTeX 2.9\tex\latex\tools\indentfirst.sty"
Package: indentfirst 1995/11/23 v1.03 Indent first paragraph (DPC)
)
("C:\Program Files\MiKTeX 2.9\tex\latex\extsizes\extsizes.sty"
Package: extsizes 1996/10/08 v1.0 Non Standard LaTeX Package


Package ExtSizes Warning: It is better to use one of the extsizes classes,
 if you can.

("C:\Program Files\MiKTeX 2.9\tex\latex\base\size10.clo"
File: size10.clo 2014/09/29 v1.4h Standard LaTeX file (size option)
))
("C:\Program Files\MiKTeX 2.9\tex\latex\oberdiek\pdflscape.sty"
Package: pdflscape 2016/05/14 v0.11 Display of landscape pages in PDF (HO)

("C:\Program Files\MiKTeX 2.9\tex\latex\graphics\lscape.sty"
Package: lscape 2000/10/22 v3.01 Landscape Pages (DPC)

("C:\Program Files\MiKTeX 2.9\tex\latex\graphics\graphics.sty"
Package: graphics 2017/04/14 v1.1b Standard LaTeX Graphics (DPC,SPQR)

("C:\Program Files\MiKTeX 2.9\tex\latex\graphics\trig.sty"
Package: trig 2016/01/03 v1.10 sin cos tan (DPC)
)
("C:\Program Files\MiKTeX 2.9\tex\latex\graphics-cfg\graphics.cfg"
File: graphics.cfg 2016/06/04 v1.11 sample graphics configuration
)
Package graphics Info: Driver file: pdftex.def on input line 99.

("C:\Program Files\MiKTeX 2.9\tex\latex\graphics-def\pdftex.def"
File: pdftex.def 2017/01/12 v0.06k Graphics/color for pdfTeX

("C:\Program Files\MiKTeX 2.9\tex\generic\oberdiek\infwarerr.sty"
Package: infwarerr 2016/05/16 v1.4 Providing info/warning/error messages (HO)
)
("C:\Program Files\MiKTeX 2.9\tex\generic\oberdiek\ltxcmds.sty"
Package: ltxcmds 2016/05/16 v1.23 LaTeX kernel commands for general use (HO)
)
\Gread@gobject=\count88
)))
("C:\Program Files\MiKTeX 2.9\tex\generic\oberdiek\ifpdf.sty"
Package: ifpdf 2017/03/15 v3.2 Provides the ifpdf switch
)
Package pdflscape Info: Auto-detected driver: pdftex on input line 81.

("C:\Program Files\MiKTeX 2.9\tex\generic\ifxetex\ifxetex.sty"
Package: ifxetex 2010/09/12 v0.6 Provides ifxetex conditional
))
("C:\Program Files\MiKTeX 2.9\tex\latex\lipsum\lipsum.sty"
Package: lipsum 2014/07/27 v1.3 150 paragraphs of Lorem Ipsum dummy text
\c@lips@count=\count89
)
("C:\Program Files\MiKTeX 2.9\tex\latex\geometry\geometry.sty"
Package: geometry 2010/09/12 v5.6 Page Geometry

("C:\Program Files\MiKTeX 2.9\tex\latex\graphics\keyval.sty"
Package: keyval 2014/10/28 v1.15 key=value parser (DPC)
\KV@toks@=\toks16
)
("C:\Program Files\MiKTeX 2.9\tex\generic\oberdiek\ifvtex.sty"
Package: ifvtex 2016/05/16 v1.6 Detect VTeX and its facilities (HO)
Package ifvtex Info: VTeX not detected.
)
\Gm@cnth=\count90
\Gm@cntv=\count91
\c@Gm@tempcnt=\count92
\Gm@bindingoffset=\dimen104
\Gm@wd@mp=\dimen105
\Gm@odd@mp=\dimen106
\Gm@even@mp=\dimen107
\Gm@layoutwidth=\dimen108
\Gm@layoutheight=\dimen109
\Gm@layouthoffset=\dimen110
\Gm@layoutvoffset=\dimen111
\Gm@dimlist=\toks17

("C:\Program Files\MiKTeX 2.9\tex\latex\geometry\geometry.cfg"))
("C:\Program Files\MiKTeX 2.9\tex\latex\graphics\graphicx.sty"
Package: graphicx 2014/10/28 v1.0g Enhanced LaTeX Graphics (DPC,SPQR)
\Gin@req@height=\dimen112
\Gin@req@width=\dimen113
)
("C:\Program Files\MiKTeX 2.9\tex\latex\lastpage\lastpage.sty"
Package: lastpage 2015/03/29 v1.2m Refers to last page's name (HMM; JPG)
)
("C:\Program Files\MiKTeX 2.9\tex\latex\caption\caption.sty"
Package: caption 2016/02/21 v3.3-144 Customizing captions (AR)

("C:\Program Files\MiKTeX 2.9\tex\latex\caption\caption3.sty"
Package: caption3 2016/05/22 v1.7-166 caption3 kernel (AR)
Package caption3 Info: TeX engine: e-TeX on input line 67.
\captionmargin=\dimen114
\captionmargin@=\dimen115
\captionwidth=\dimen116
\caption@tempdima=\dimen117
\caption@indent=\dimen118
\caption@parindent=\dimen119
\caption@hangindent=\dimen120
)
\c@ContinuedFloat=\count93
)
("C:\Program Files\MiKTeX 2.9\tex\latex\hyperref\hyperref.sty"
Package: hyperref 2017/03/14 v6.85a Hypertext links for LaTeX

("C:\Program Files\MiKTeX 2.9\tex\generic\oberdiek\hobsub-hyperref.sty"
Package: hobsub-hyperref 2016/05/16 v1.14 Bundle oberdiek, subset hyperref (HO)


("C:\Program Files\MiKTeX 2.9\tex\generic\oberdiek\hobsub-generic.sty"
Package: hobsub-generic 2016/05/16 v1.14 Bundle oberdiek, subset generic (HO)
Package: hobsub 2016/05/16 v1.14 Construct package bundles (HO)
Package hobsub Info: Skipping package `infwarerr' (already loaded).
Package hobsub Info: Skipping package `ltxcmds' (already loaded).
Package: ifluatex 2016/05/16 v1.4 Provides the ifluatex switch (HO)
Package ifluatex Info: LuaTeX not detected.
Package hobsub Info: Skipping package `ifvtex' (already loaded).
Package: intcalc 2016/05/16 v1.2 Expandable calculations with integers (HO)
Package hobsub Info: Skipping package `ifpdf' (already loaded).
Package: etexcmds 2016/05/16 v1.6 Avoid name clashes with e-TeX commands (HO)
Package etexcmds Info: Could not find \expanded.
(etexcmds)             That can mean that you are not using pdfTeX 1.50 or
(etexcmds)             that some package has redefined \expanded.
(etexcmds)             In the latter case, load this package earlier.
Package: kvsetkeys 2016/05/16 v1.17 Key value parser (HO)
Package: kvdefinekeys 2016/05/16 v1.4 Define keys (HO)
Package: pdftexcmds 2017/03/19 v0.25 Utility functions of pdfTeX for LuaTeX (HO
)
Package pdftexcmds Info: LuaTeX not detected.
Package pdftexcmds Info: \pdf@primitive is available.
Package pdftexcmds Info: \pdf@ifprimitive is available.
Package pdftexcmds Info: \pdfdraftmode found.
Package: pdfescape 2016/05/16 v1.14 Implements pdfTeX's escape features (HO)
Package: bigintcalc 2016/05/16 v1.4 Expandable calculations on big integers (HO
)
Package: bitset 2016/05/16 v1.2 Handle bit-vector datatype (HO)
Package: uniquecounter 2016/05/16 v1.3 Provide unlimited unique counter (HO)
)
Package hobsub Info: Skipping package `hobsub' (already loaded).
Package: letltxmacro 2016/05/16 v1.5 Let assignment for LaTeX macros (HO)
Package: hopatch 2016/05/16 v1.3 Wrapper for package hooks (HO)
Package: xcolor-patch 2016/05/16 xcolor patch
Package: atveryend 2016/05/16 v1.9 Hooks at the very end of document (HO)
Package atveryend Info: \enddocument detected (standard20110627).
Package: atbegshi 2016/06/09 v1.18 At begin shipout hook (HO)
Package: refcount 2016/05/16 v3.5 Data extraction from label references (HO)
Package: hycolor 2016/05/16 v1.8 Color options for hyperref/bookmark (HO)
)
("C:\Program Files\MiKTeX 2.9\tex\latex\oberdiek\auxhook.sty"
Package: auxhook 2016/05/16 v1.4 Hooks for auxiliary files (HO)
)
("C:\Program Files\MiKTeX 2.9\tex\latex\oberdiek\kvoptions.sty"
Package: kvoptions 2016/05/16 v3.12 Key value format for package options (HO)
)
\@linkdim=\dimen121
\Hy@linkcounter=\count94
\Hy@pagecounter=\count95

("C:\Program Files\MiKTeX 2.9\tex\latex\hyperref\pd1enc.def"
File: pd1enc.def 2017/03/14 v6.85a Hyperref: PDFDocEncoding definition (HO)
)
\Hy@SavedSpaceFactor=\count96
Package hyperref Info: Option `unicode' set `true' on input line 3453.

("C:\Program Files\MiKTeX 2.9\tex\latex\hyperref\puenc.def"
File: puenc.def 2017/03/14 v6.85a Hyperref: PDF Unicode definition (HO)
)
("C:\Program Files\MiKTeX 2.9\tex\latex\00miktex\hyperref.cfg"
File: hyperref.cfg 2002/06/06 v1.2 hyperref configuration of TeXLive
)
Package hyperref Info: Hyper figures OFF on input line 4498.
Package hyperref Info: Link nesting OFF on input line 4503.
Package hyperref Info: Hyper index ON on input line 4506.
Package hyperref Info: Plain pages OFF on input line 4513.
Package hyperref Info: Backreferencing OFF on input line 4518.
Package hyperref Info: Implicit mode ON; LaTeX internals redefined.
Package hyperref Info: Bookmarks ON on input line 4751.
\c@Hy@tempcnt=\count97

("C:\Program Files\MiKTeX 2.9\tex\latex\url\url.sty"
\Urlmuskip=\muskip10
Package: url 2013/09/16  ver 3.4  Verb mode for urls, etc.
)
LaTeX Info: Redefining \url on input line 5104.
\XeTeXLinkMargin=\dimen122
\Fld@menulength=\count98
\Field@Width=\dimen123
\Fld@charsize=\dimen124
Package hyperref Info: Hyper figures OFF on input line 6358.
Package hyperref Info: Link nesting OFF on input line 6363.
Package hyperref Info: Hyper index ON on input line 6366.
Package hyperref Info: backreferencing OFF on input line 6373.
Package hyperref Info: Link coloring OFF on input line 6378.
Package hyperref Info: Link coloring with OCG OFF on input line 6383.
Package hyperref Info: PDF/A mode OFF on input line 6388.
LaTeX Info: Redefining \ref on input line 6428.
LaTeX Info: Redefining \pageref on input line 6432.
\Hy@abspage=\count99
\c@Item=\count100
\c@Hfootnote=\count101
)

Package hyperref Message: Driver (autodetected): hpdftex.

("C:\Program Files\MiKTeX 2.9\tex\latex\hyperref\hpdftex.def"
File: hpdftex.def 2017/03/14 v6.85a Hyperref driver for pdfTeX
\Fld@listcount=\count102
\c@bookmark@seq@number=\count103

("C:\Program Files\MiKTeX 2.9\tex\latex\oberdiek\rerunfilecheck.sty"
Package: rerunfilecheck 2016/05/16 v1.8 Rerun checks for auxiliary files (HO)
Package uniquecounter Info: New unique counter `rerunfilecheck' on input line 2
82.
)
\Hy@SectionHShift=\skip43
)
("C:\Program Files\MiKTeX 2.9\tex\latex\enumitem\enumitem.sty"
Package: enumitem 2011/09/28 v3.5.2 Customized lists
\labelindent=\skip44
\enit@outerparindent=\dimen125
\enit@toks=\toks18
\enit@inbox=\box26
\enitdp@description=\count104
) (database.aux

LaTeX Warning: Label `fig01' multiply defined.


LaTeX Warning: Label `fig01' multiply defined.


LaTeX Warning: Label `fig01' multiply defined.


LaTeX Warning: Label `fig01' multiply defined.


LaTeX Warning: Label `fig01' multiply defined.


LaTeX Warning: Label `fig01' multiply defined.


LaTeX Warning: Label `fig01' multiply defined.

)
\openout1 = `database.aux'.

LaTeX Font Info:    Checking defaults for OML/cmm/m/it on input line 86.
LaTeX Font Info:    ... okay on input line 86.
LaTeX Font Info:    Checking defaults for T1/cmr/m/n on input line 86.
LaTeX Font Info:    ... okay on input line 86.
LaTeX Font Info:    Checking defaults for OT1/cmr/m/n on input line 86.
LaTeX Font Info:    ... okay on input line 86.
LaTeX Font Info:    Checking defaults for OMS/cmsy/m/n on input line 86.
LaTeX Font Info:    ... okay on input line 86.
LaTeX Font Info:    Checking defaults for OMX/cmex/m/n on input line 86.
LaTeX Font Info:    ... okay on input line 86.
LaTeX Font Info:    Checking defaults for U/cmr/m/n on input line 86.
LaTeX Font Info:    ... okay on input line 86.
LaTeX Font Info:    Checking defaults for T2A/cmr/m/n on input line 86.
LaTeX Font Info:    ... okay on input line 86.
LaTeX Font Info:    Checking defaults for PD1/pdf/m/n on input line 86.
LaTeX Font Info:    ... okay on input line 86.
LaTeX Font Info:    Checking defaults for PU/pdf/m/n on input line 86.
LaTeX Font Info:    ... okay on input line 86.
LaTeX Font Info:    Try loading font information for T2A+faq on input line 86.
 ("C:\Program Files\MiKTeX 2.9\tex\latex\pscyr\t2afaq.fd"
File: t2afaq.fd 2004/09/23 Fontinst v1.914 font definitions for T2A/faq.
)
("C:\Program Files\MiKTeX 2.9\tex\context\base\supp-pdf.mkii"
[Loading MPS to PDF converter (version 2006.09.02).]
\scratchcounter=\count105
\scratchdimen=\dimen126
\scratchbox=\box27
\nofMPsegments=\count106
\nofMParguments=\count107
\everyMPshowfont=\toks19
\MPscratchCnt=\count108
\MPscratchDim=\dimen127
\MPnumerator=\count109
\makeMPintoPDFobject=\count110
\everyMPtoPDFconversion=\toks20
) ("C:\Program Files\MiKTeX 2.9\tex\latex\oberdiek\epstopdf-base.sty"
Package: epstopdf-base 2016/05/15 v2.6 Base part for package epstopdf

("C:\Program Files\MiKTeX 2.9\tex\latex\oberdiek\grfext.sty"
Package: grfext 2016/05/16 v1.2 Manage graphics extensions (HO)
)
Package epstopdf-base Info: Redefining graphics rule for `.eps' on input line 4
38.
Package grfext Info: Graphics extension search list:
(grfext)             [.png,.pdf,.jpg,.mps,.jpeg,.jbig2,.jb2,.PNG,.PDF,.JPG,.JPE
G,.JBIG2,.JB2,.eps]
(grfext)             \AppendGraphicsExtensions on input line 456.
)
*geometry* driver: auto-detecting
*geometry* detected driver: pdftex
*geometry* verbose mode - [ preamble ] result:
* driver: pdftex
* paper: a5paper
* layout: <same size as paper>
* layoutoffset:(h,v)=(0.0pt,0.0pt)
* modes: 
* h-part:(L,W,R)=(56.9055pt, 330.05199pt, 34.1433pt)
* v-part:(T,H,B)=(28.45274pt, 512.14963pt, 56.9055pt)
* \paperwidth=421.10078pt
* \paperheight=597.50787pt
* \textwidth=330.05199pt
* \textheight=512.14963pt
* \oddsidemargin=-15.36449pt
* \evensidemargin=-15.36449pt
* \topmargin=-80.81725pt
* \headheight=12.0pt
* \headsep=25.0pt
* \topskip=10.0pt
* \footskip=30.0pt
* \marginparwidth=3.0pt
* \marginparsep=11.0pt
* \columnsep=10.0pt
* \skip\footins=9.0pt plus 4.0pt minus 2.0pt
* \hoffset=0.0pt
* \voffset=0.0pt
* \mag=1000
* \@twocolumnfalse
* \@twosidefalse
* \@mparswitchfalse
* \@reversemarginfalse
* (1in=72.27pt=25.4mm, 1cm=28.453pt)

Package lastpage Info: Please have a look at the pageslts package at
(lastpage)             https://www.ctan.org/pkg/pageslts
(lastpage)             ! on input line 86.
Package caption Info: Begin \AtBeginDocument code.
Package caption Info: hyperref package is loaded.
Package caption Info: End \AtBeginDocument code.
\AtBeginShipoutBox=\box28
Package hyperref Info: Link coloring OFF on input line 86.
("C:\Program Files\MiKTeX 2.9\tex\latex\hyperref\nameref.sty"
Package: nameref 2016/05/21 v2.44 Cross-referencing by name of section

("C:\Program Files\MiKTeX 2.9\tex\generic\oberdiek\gettitlestring.sty"
Package: gettitlestring 2016/05/16 v1.5 Cleanup title references (HO)
)
\c@section@level=\count111
)
LaTeX Info: Redefining \ref on input line 86.
LaTeX Info: Redefining \pageref on input line 86.
LaTeX Info: Redefining \nameref on input line 86.

(database.out) (database.out)
\@outlinefile=\write3
\openout3 = `database.out'.

 (title.tex
Package babel Info: Redefining russian shorthand "|
(babel)             in language  on input line 19.
Package babel Info: Redefining russian shorthand "~
(babel)             in language  on input line 19.
Package babel Info: Redefining russian shorthand "|
(babel)             in language  on input line 19.
Package babel Info: Redefining russian shorthand "~
(babel)             in language  on input line 19.
 [1

{C:/Users/РґРЅСЃ1/AppData/Local/MiKTeX/2.9/pdftex/config/pdftex.map}]

LaTeX Warning: Reference `fig:plan_example' on page 2 undefined on input line 2
7.

LaTeX Font Info:    Try loading font information for OMS+faq on input line 31.
LaTeX Font Info:    No file OMSfaq.fd. on input line 31.

LaTeX Font Warning: Font shape `OMS/faq/m/n' undefined
(Font)              using `OMS/cmsy/m/n' instead on input line 31.

)
Package babel Info: Redefining russian shorthand "|
(babel)             in language  on input line 95.
Package babel Info: Redefining russian shorthand "~
(babel)             in language  on input line 95.
Package babel Info: Redefining russian shorthand "|
(babel)             in language  on input line 95.
Package babel Info: Redefining russian shorthand "~
(babel)             in language  on input line 95.
 [2] (database.toc
LaTeX Font Info:    Try loading font information for OT1+faq on input line 1.
 ("C:\Program Files\MiKTeX 2.9\tex\latex\pscyr\ot1faq.fd"
File: ot1faq.fd 2001/12/09 Fontinst v1.914 font definitions for OT1/faq.
)
LaTeX Font Info:    External font `cmex10' loaded for size
(Font)              <7> on input line 7.
LaTeX Font Info:    External font `cmex10' loaded for size
(Font)              <5> on input line 7.

Overfull \hbox (4.66774pt too wide) in paragraph at lines 31--31
 [][] [][]\T2A/faq/m/n/10 Схема вза-и-мо-дей-ствия ком-по-нент про-грамм-но-го 
обес- 
 []

Package babel Info: Redefining russian shorthand "|
(babel)             in language  on input line 32.
Package babel Info: Redefining russian shorthand "~
(babel)             in language  on input line 32.
Package babel Info: Redefining russian shorthand "|
(babel)             in language  on input line 32.
Package babel Info: Redefining russian shorthand "~
(babel)             in language  on input line 32.
[3])
\tf@toc=\write4
\openout4 = `database.toc'.

Package babel Info: Redefining russian shorthand "|
(babel)             in language  on input line 97.
Package babel Info: Redefining russian shorthand "~
(babel)             in language  on input line 97.
Package babel Info: Redefining russian shorthand "|
(babel)             in language  on input line 97.
Package babel Info: Redefining russian shorthand "~
(babel)             in language  on input line 97.
 [4]
Package babel Info: Redefining russian shorthand "|
(babel)             in language  on input line 98.
Package babel Info: Redefining russian shorthand "~
(babel)             in language  on input line 98.
 (goal.tex
Package babel Info: Redefining russian shorthand "|
(babel)             in language  on input line 15.
Package babel Info: Redefining russian shorthand "~
(babel)             in language  on input line 15.
Package babel Info: Redefining russian shorthand "|
(babel)             in language  on input line 15.
Package babel Info: Redefining russian shorthand "~
(babel)             in language  on input line 15.
 [5])
Package babel Info: Redefining russian shorthand "|
(babel)             in language  on input line 100.
Package babel Info: Redefining russian shorthand "~
(babel)             in language  on input line 100.
Package babel Info: Redefining russian shorthand "|
(babel)             in language  on input line 100.
Package babel Info: Redefining russian shorthand "~
(babel)             in language  on input line 100.
 [6]
Package babel Info: Redefining russian shorthand "|
(babel)             in language  on input line 101.
Package babel Info: Redefining russian shorthand "~
(babel)             in language  on input line 101.
 (commutation.tex)
Package babel Info: Redefining russian shorthand "|
(babel)             in language  on input line 103.
Package babel Info: Redefining russian shorthand "~
(babel)             in language  on input line 103.
Package babel Info: Redefining russian shorthand "|
(babel)             in language  on input line 103.
Package babel Info: Redefining russian shorthand "~
(babel)             in language  on input line 103.
 [7]
Package babel Info: Redefining russian shorthand "|
(babel)             in language  on input line 103.
Package babel Info: Redefining russian shorthand "~
(babel)             in language  on input line 103.
Package babel Info: Redefining russian shorthand "|
(babel)             in language  on input line 103.
Package babel Info: Redefining russian shorthand "~
(babel)             in language  on input line 103.
 [8]
Package babel Info: Redefining russian shorthand "|
(babel)             in language  on input line 104.
Package babel Info: Redefining russian shorthand "~
(babel)             in language  on input line 104.
 (report.tex
Package babel Info: Redefining russian shorthand "|
(babel)             in language  on input line 30.
Package babel Info: Redefining russian shorthand "~
(babel)             in language  on input line 30.
Package babel Info: Redefining russian shorthand "|
(babel)             in language  on input line 30.
Package babel Info: Redefining russian shorthand "~
(babel)             in language  on input line 30.
 [9]
Underfull \hbox (badness 1127) in paragraph at lines 42--43
[]\T2A/faq/m/n/10 Выполнение от-чј-та воз-мож-но в тех-но-ло-гии Microsoft Word
 for
 []

)
Package babel Info: Redefining russian shorthand "|
(babel)             in language  on input line 107.
Package babel Info: Redefining russian shorthand "~
(babel)             in language  on input line 107.
Package babel Info: Redefining russian shorthand "|
(babel)             in language  on input line 107.
Package babel Info: Redefining russian shorthand "~
(babel)             in language  on input line 107.
 [10]
Package babel Info: Redefining russian shorthand "|
(babel)             in language  on input line 108.
Package babel Info: Redefining russian shorthand "~
(babel)             in language  on input line 108.
 (presentation.tex)
Package babel Info: Redefining russian shorthand "|
(babel)             in language  on input line 111.
Package babel Info: Redefining russian shorthand "~
(babel)             in language  on input line 111.
Package babel Info: Redefining russian shorthand "|
(babel)             in language  on input line 111.
Package babel Info: Redefining russian shorthand "~
(babel)             in language  on input line 111.
 [11]
Package babel Info: Redefining russian shorthand "|
(babel)             in language  on input line 112.
Package babel Info: Redefining russian shorthand "~
(babel)             in language  on input line 112.
 (task.tex)
Package babel Info: Redefining russian shorthand "|
(babel)             in language  on input line 115.
Package babel Info: Redefining russian shorthand "~
(babel)             in language  on input line 115.
 (area.tex
Package babel Info: Redefining russian shorthand "|
(babel)             in language  on input line 22.
Package babel Info: Redefining russian shorthand "~
(babel)             in language  on input line 22.
Package babel Info: Redefining russian shorthand "|
(babel)             in language  on input line 22.
Package babel Info: Redefining russian shorthand "~
(babel)             in language  on input line 22.
 [12]
Package babel Info: Redefining russian shorthand "|
(babel)             in language  on input line 52.
Package babel Info: Redefining russian shorthand "~
(babel)             in language  on input line 52.
Package babel Info: Redefining russian shorthand "|
(babel)             in language  on input line 52.
Package babel Info: Redefining russian shorthand "~
(babel)             in language  on input line 52.
 [13]
Underfull \hbox (badness 1308) in paragraph at lines 57--59
[]\T2A/faq/m/n/10 Поликлиника пред-став-ля-ет со-бой спе-ци-а-ли-зи-ро-ван-ное 
ле-чеб-но -
 []

Package babel Info: Redefining russian shorthand "|
(babel)             in language  on input line 64.
Package babel Info: Redefining russian shorthand "~
(babel)             in language  on input line 64.
Package babel Info: Redefining russian shorthand "|
(babel)             in language  on input line 64.
Package babel Info: Redefining russian shorthand "~
(babel)             in language  on input line 64.
[14])
Package babel Info: Redefining russian shorthand "|
(babel)             in language  on input line 117.
Package babel Info: Redefining russian shorthand "~
(babel)             in language  on input line 117.
 (name.tex
Package babel Info: Redefining russian shorthand "|
(babel)             in language  on input line 15.
Package babel Info: Redefining russian shorthand "~
(babel)             in language  on input line 15.
Package babel Info: Redefining russian shorthand "|
(babel)             in language  on input line 15.
Package babel Info: Redefining russian shorthand "~
(babel)             in language  on input line 15.
 [15])
Package babel Info: Redefining russian shorthand "|
(babel)             in language  on input line 119.
Package babel Info: Redefining russian shorthand "~
(babel)             in language  on input line 119.
 (role.tex
Package babel Info: Redefining russian shorthand "|
(babel)             in language  on input line 3.
Package babel Info: Redefining russian shorthand "~
(babel)             in language  on input line 3.
Package babel Info: Redefining russian shorthand "|
(babel)             in language  on input line 3.
Package babel Info: Redefining russian shorthand "~
(babel)             in language  on input line 3.
 [16])
Package babel Info: Redefining russian shorthand "|
(babel)             in language  on input line 121.
Package babel Info: Redefining russian shorthand "~
(babel)             in language  on input line 121.
 (process.tex)
Package babel Info: Redefining russian shorthand "|
(babel)             in language  on input line 123.
Package babel Info: Redefining russian shorthand "~
(babel)             in language  on input line 123.
Package babel Info: Redefining russian shorthand "|
(babel)             in language  on input line 123.
Package babel Info: Redefining russian shorthand "~
(babel)             in language  on input line 123.
 [17]
Package babel Info: Redefining russian shorthand "|
(babel)             in language  on input line 123.
Package babel Info: Redefining russian shorthand "~
(babel)             in language  on input line 123.
 (object.tex
<ier1.png, id=276, 397.485pt x 221.02576pt>
File: ier1.png Graphic file (type png)
 <use ier1.png>
Package pdftex.def Info: ier1.png used on input line 5.
(pdftex.def)             Requested size: 256.0748pt x 142.39694pt.
Package babel Info: Redefining russian shorthand "|
(babel)             in language  on input line 11.
Package babel Info: Redefining russian shorthand "~
(babel)             in language  on input line 11.
Package babel Info: Redefining russian shorthand "|
(babel)             in language  on input line 11.
Package babel Info: Redefining russian shorthand "~
(babel)             in language  on input line 11.
 [18 <./ier1.png>]
<ier2.png, id=282, 456.5055pt x 302.3295pt>
File: ier2.png Graphic file (type png)
 <use ier2.png>
Package pdftex.def Info: ier2.png used on input line 14.
(pdftex.def)             Requested size: 284.52756pt x 188.43417pt.
)
Package babel Info: Redefining russian shorthand "|
(babel)             in language  on input line 125.
Package babel Info: Redefining russian shorthand "~
(babel)             in language  on input line 125.
 (er.tex
Package babel Info: Redefining russian shorthand "|
(babel)             in language  on input line 7.
Package babel Info: Redefining russian shorthand "~
(babel)             in language  on input line 7.
Package babel Info: Redefining russian shorthand "|
(babel)             in language  on input line 7.
Package babel Info: Redefining russian shorthand "~
(babel)             in language  on input line 7.
 [19 <./ier2.png>] <er1.png, id=289, 380.622pt x 317.38576pt>
File: er1.png Graphic file (type png)
 <use er1.png>
Package pdftex.def Info: er1.png used on input line 10.
(pdftex.def)             Requested size: 313.00064pt x 312.98761pt.
Package babel Info: Redefining russian shorthand "|
(babel)             in language  on input line 16.
Package babel Info: Redefining russian shorthand "~
(babel)             in language  on input line 16.
Package babel Info: Redefining russian shorthand "|
(babel)             in language  on input line 16.
Package babel Info: Redefining russian shorthand "~
(babel)             in language  on input line 16.
 [20 <./er1.png>] <er2.png, id=297, 469.15276pt x 400.49625pt>
File: er2.png Graphic file (type png)
 <use er2.png>
Package pdftex.def Info: er2.png used on input line 19.
(pdftex.def)             Requested size: 312.99203pt x 312.99692pt.
Package babel Info: Redefining russian shorthand "|
(babel)             in language  on input line 25.
Package babel Info: Redefining russian shorthand "~
(babel)             in language  on input line 25.
Package babel Info: Redefining russian shorthand "|
(babel)             in language  on input line 25.
Package babel Info: Redefining russian shorthand "~
(babel)             in language  on input line 25.
 [21 <./er2.png>])
Package babel Info: Redefining russian shorthand "|
(babel)             in language  on input line 128.
Package babel Info: Redefining russian shorthand "~
(babel)             in language  on input line 128.

(schemata.tex <sh1.png, id=303, 631.76025pt x 443.256pt>
File: sh1.png Graphic file (type png)
 <use sh1.png>
Package pdftex.def Info: sh1.png used on input line 4.
(pdftex.def)             Requested size: 256.07358pt x 284.5283pt.
Package babel Info: Redefining russian shorthand "|
(babel)             in language  on input line 10.
Package babel Info: Redefining russian shorthand "~
(babel)             in language  on input line 10.
Package babel Info: Redefining russian shorthand "|
(babel)             in language  on input line 10.
Package babel Info: Redefining russian shorthand "~
(babel)             in language  on input line 10.
 [22 <./sh1.png>] <sh2.png, id=310, 557.6835pt x 331.83975pt>
File: sh2.png Graphic file (type png)
 <use sh2.png>
Package pdftex.def Info: sh2.png used on input line 13.
(pdftex.def)             Requested size: 284.53395pt x 227.62785pt.
)
Package babel Info: Redefining russian shorthand "|
(babel)             in language  on input line 131.
Package babel Info: Redefining russian shorthand "~
(babel)             in language  on input line 131.
 (distr.tex
Underfull \hbox (badness 10000) in paragraph at lines 13--14
[]\T2A/faq/m/n/10 Количество
 []

)
Package babel Info: Redefining russian shorthand "|
(babel)             in language  on input line 133.
Package babel Info: Redefining russian shorthand "~
(babel)             in language  on input line 133.
Package babel Info: Redefining russian shorthand "|
(babel)             in language  on input line 133.
Package babel Info: Redefining russian shorthand "~
(babel)             in language  on input line 133.
 [23 <./sh2.png>]
Package babel Info: Redefining russian shorthand "|
(babel)             in language  on input line 133.
Package babel Info: Redefining russian shorthand "~
(babel)             in language  on input line 133.
Package babel Info: Redefining russian shorthand "|
(babel)             in language  on input line 135.
Package babel Info: Redefining russian shorthand "~
(babel)             in language  on input line 135.
Package babel Info: Redefining russian shorthand "|
(babel)             in language  on input line 139.
Package babel Info: Redefining russian shorthand "~
(babel)             in language  on input line 139.
 (req_descr.tex)
Package babel Info: Redefining russian shorthand "|
(babel)             in language  on input line 143.
Package babel Info: Redefining russian shorthand "~
(babel)             in language  on input line 143.
 (req_sql.tex
Package babel Info: Redefining russian shorthand "|
(babel)             in language  on input line 3.
Package babel Info: Redefining russian shorthand "~
(babel)             in language  on input line 3.
Package babel Info: Redefining russian shorthand "|
(babel)             in language  on input line 3.
Package babel Info: Redefining russian shorthand "~
(babel)             in language  on input line 3.
 [24]
LaTeX Font Info:    Try loading font information for T2A+fer on input line 3.

("C:\Program Files\MiKTeX 2.9\tex\latex\pscyr\t2afer.fd"
File: t2afer.fd 2004/09/21 Fontinst v1.914 font definitions for T2A/fer.
)
Package babel Info: Redefining russian shorthand "|
(babel)             in language  on input line 49.
Package babel Info: Redefining russian shorthand "~
(babel)             in language  on input line 49.
Package babel Info: Redefining russian shorthand "|
(babel)             in language  on input line 49.
Package babel Info: Redefining russian shorthand "~
(babel)             in language  on input line 49.
 [25]
Overfull \hbox (23.94801pt too wide) in paragraph at lines 92--92
[]\T2A/fer/m/n/10 SELECT COUNT(*) as ShowQuantity, New.DogCount as DogQuantit[]
 
 []

Package babel Info: Redefining russian shorthand "|
(babel)             in language  on input line 92.
Package babel Info: Redefining russian shorthand "~
(babel)             in language  on input line 92.
Package babel Info: Redefining russian shorthand "|
(babel)             in language  on input line 92.
Package babel Info: Redefining russian shorthand "~
(babel)             in language  on input line 92.
[26])
Package babel Info: Redefining russian shorthand "|
(babel)             in language  on input line 146.
Package babel Info: Redefining russian shorthand "~
(babel)             in language  on input line 146.
 (req_form.tex)
Package babel Info: Redefining russian shorthand "|
(babel)             in language  on input line 149.
Package babel Info: Redefining russian shorthand "~
(babel)             in language  on input line 149.
 (req_res.tex)
Package babel Info: Redefining russian shorthand "|
(babel)             in language  on input line 152.
Package babel Info: Redefining russian shorthand "~
(babel)             in language  on input line 152.
Package babel Info: Redefining russian shorthand "|
(babel)             in language  on input line 154.
Package babel Info: Redefining russian shorthand "~
(babel)             in language  on input line 154.
 (req_plot.tex
<req1.png, id=331, 861.9703pt x 372.64218pt>
File: req1.png Graphic file (type png)
 <use req1.png>
Package pdftex.def Info: req1.png used on input line 4.
(pdftex.def)             Requested size: 312.97905pt x 199.16542pt.
Package babel Info: Redefining russian shorthand "|
(babel)             in language  on input line 9.
Package babel Info: Redefining russian shorthand "~
(babel)             in language  on input line 9.
Package babel Info: Redefining russian shorthand "|
(babel)             in language  on input line 9.
Package babel Info: Redefining russian shorthand "~
(babel)             in language  on input line 9.
 [27]
Package babel Info: Redefining russian shorthand "|
(babel)             in language  on input line 10.
Package babel Info: Redefining russian shorthand "~
(babel)             in language  on input line 10.
Package babel Info: Redefining russian shorthand "|
(babel)             in language  on input line 10.
Package babel Info: Redefining russian shorthand "~
(babel)             in language  on input line 10.
 [28 <./req1.png>] <req2.png, id=341, 598.48593pt x 317.68687pt>
File: req2.png Graphic file (type png)
 <use req2.png>
Package pdftex.def Info: req2.png used on input line 16.
(pdftex.def)             Requested size: 312.9803pt x 166.13853pt.
)
Package babel Info: Redefining russian shorthand "|
(babel)             in language  on input line 157.
Package babel Info: Redefining russian shorthand "~
(babel)             in language  on input line 157.

(conclusion.tex
Package babel Info: Redefining russian shorthand "|
(babel)             in language  on input line 10.
Package babel Info: Redefining russian shorthand "~
(babel)             in language  on input line 10.
Package babel Info: Redefining russian shorthand "|
(babel)             in language  on input line 10.
Package babel Info: Redefining russian shorthand "~
(babel)             in language  on input line 10.
 [29 <./req2.png>]
Package babel Info: Redefining russian shorthand "|
(babel)             in language  on input line 21.
Package babel Info: Redefining russian shorthand "~
(babel)             in language  on input line 21.
Package babel Info: Redefining russian shorthand "|
(babel)             in language  on input line 21.
Package babel Info: Redefining russian shorthand "~
(babel)             in language  on input line 21.
 [30]
Package babel Info: Redefining russian shorthand "|
(babel)             in language  on input line 43.
Package babel Info: Redefining russian shorthand "~
(babel)             in language  on input line 43.
Package babel Info: Redefining russian shorthand "|
(babel)             in language  on input line 43.
Package babel Info: Redefining russian shorthand "~
(babel)             in language  on input line 43.
 [31])
Package babel Info: Redefining russian shorthand "|
(babel)             in language  on input line 159.
Package babel Info: Redefining russian shorthand "~
(babel)             in language  on input line 159.
Package babel Info: Redefining russian shorthand "|
(babel)             in language  on input line 161.
Package babel Info: Redefining russian shorthand "~
(babel)             in language  on input line 161.
 (attachment_a.tex
Package babel Info: Redefining russian shorthand "|
(babel)             in language  on input line 143.
Package babel Info: Redefining russian shorthand "~
(babel)             in language  on input line 143.
Package babel Info: Redefining russian shorthand "|
(babel)             in language  on input line 143.
Package babel Info: Redefining russian shorthand "~
(babel)             in language  on input line 143.
 [32]
Package babel Info: Redefining russian shorthand "|
(babel)             in language  on input line 143.
Package babel Info: Redefining russian shorthand "~
(babel)             in language  on input line 143.
Package babel Info: Redefining russian shorthand "|
(babel)             in language  on input line 143.
Package babel Info: Redefining russian shorthand "~
(babel)             in language  on input line 143.
 [33]
Package babel Info: Redefining russian shorthand "|
(babel)             in language  on input line 143.
Package babel Info: Redefining russian shorthand "~
(babel)             in language  on input line 143.
Package babel Info: Redefining russian shorthand "|
(babel)             in language  on input line 143.
Package babel Info: Redefining russian shorthand "~
(babel)             in language  on input line 143.

[34]
Package babel Info: Redefining russian shorthand "|
(babel)             in language  on input line 143.
Package babel Info: Redefining russian shorthand "~
(babel)             in language  on input line 143.
Package babel Info: Redefining russian shorthand "|
(babel)             in language  on input line 143.
Package babel Info: Redefining russian shorthand "~
(babel)             in language  on input line 143.
 [35]
Package babel Info: Redefining russian shorthand "|
(babel)             in language  on input line 326.
Package babel Info: Redefining russian shorthand "~
(babel)             in language  on input line 326.
Package babel Info: Redefining russian shorthand "|
(babel)             in language  on input line 326.
Package babel Info: Redefining russian shorthand "~
(babel)             in language  on input line 326.
 [36]
Package babel Info: Redefining russian shorthand "|
(babel)             in language  on input line 326.
Package babel Info: Redefining russian shorthand "~
(babel)             in language  on input line 326.
Package babel Info: Redefining russian shorthand "|
(babel)             in language  on input line 326.
Package babel Info: Redefining russian shorthand "~
(babel)             in language  on input line 326.
 [37]
Package babel Info: Redefining russian shorthand "|
(babel)             in language  on input line 326.
Package babel Info: Redefining russian shorthand "~
(babel)             in language  on input line 326.
Package babel Info: Redefining russian shorthand "|
(babel)             in language  on input line 326.
Package babel Info: Redefining russian shorthand "~
(babel)             in language  on input line 326.
 [38]
Overfull \hbox (5.94801pt too wide) in paragraph at lines 326--326
[]\T2A/fer/m/n/10 availability_id int PRIMARY KEY AUTO_INCREMENT NOT NULL,[] 
 []

Package babel Info: Redefining russian shorthand "|
(babel)             in language  on input line 326.
Package babel Info: Redefining russian shorthand "~
(babel)             in language  on input line 326.
Package babel Info: Redefining russian shorthand "|
(babel)             in language  on input line 326.
Package babel Info: Redefining russian shorthand "~
(babel)             in language  on input line 326.
[39]
Overfull \hbox (11.94801pt too wide) in paragraph at lines 326--326
[]\T2A/fer/m/n/10 way_of_eating_id int PRIMARY KEY AUTO_INCREMENT NOT NULL,[] 
 []


Overfull \hbox (5.94801pt too wide) in paragraph at lines 326--326
[]\T2A/fer/m/n/10 ALTER TABLE City ADD FOREIGN KEY (country_id) REFERENCES[] 
 []


Overfull \hbox (5.94801pt too wide) in paragraph at lines 326--326
[]\T2A/fer/m/n/10 ALTER TABLE Availability ADD FOREIGN KEY (department_id)[] 
 []

Package babel Info: Redefining russian shorthand "|
(babel)             in language  on input line 326.
Package babel Info: Redefining russian shorthand "~
(babel)             in language  on input line 326.
Package babel Info: Redefining russian shorthand "|
(babel)             in language  on input line 326.
Package babel Info: Redefining russian shorthand "~
(babel)             in language  on input line 326.
[40])
Package babel Info: Redefining russian shorthand "|
(babel)             in language  on input line 163.
Package babel Info: Redefining russian shorthand "~
(babel)             in language  on input line 163.
 (attachment_b.tex
Package babel Info: Redefining russian shorthand "|
(babel)             in language  on input line 421.
Package babel Info: Redefining russian shorthand "~
(babel)             in language  on input line 421.
Package babel Info: Redefining russian shorthand "|
(babel)             in language  on input line 421.
Package babel Info: Redefining russian shorthand "~
(babel)             in language  on input line 421.
 [41]
Package babel Info: Redefining russian shorthand "|
(babel)             in language  on input line 421.
Package babel Info: Redefining russian shorthand "~
(babel)             in language  on input line 421.
Package babel Info: Redefining russian shorthand "|
(babel)             in language  on input line 421.
Package babel Info: Redefining russian shorthand "~
(babel)             in language  on input line 421.
 [42]
Package babel Info: Redefining russian shorthand "|
(babel)             in language  on input line 421.
Package babel Info: Redefining russian shorthand "~
(babel)             in language  on input line 421.
Package babel Info: Redefining russian shorthand "|
(babel)             in language  on input line 421.
Package babel Info: Redefining russian shorthand "~
(babel)             in language  on input line 421.
 [43]
Package babel Info: Redefining russian shorthand "|
(babel)             in language  on input line 421.
Package babel Info: Redefining russian shorthand "~
(babel)             in language  on input line 421.
Package babel Info: Redefining russian shorthand "|
(babel)             in language  on input line 421.
Package babel Info: Redefining russian shorthand "~
(babel)             in language  on input line 421.
 [44]
Package babel Info: Redefining russian shorthand "|
(babel)             in language  on input line 421.
Package babel Info: Redefining russian shorthand "~
(babel)             in language  on input line 421.
Package babel Info: Redefining russian shorthand "|
(babel)             in language  on input line 421.
Package babel Info: Redefining russian shorthand "~
(babel)             in language  on input line 421.
 [45]
Overfull \hbox (17.94801pt too wide) in paragraph at lines 421--421
[]\T2A/fer/m/n/10 instityt.size()]<<"','"<<direktor[qrand()%direktor.size()][] 

 []

Package babel Info: Redefining russian shorthand "|
(babel)             in language  on input line 421.
Package babel Info: Redefining russian shorthand "~
(babel)             in language  on input line 421.
Package babel Info: Redefining russian shorthand "|
(babel)             in language  on input line 421.
Package babel Info: Redefining russian shorthand "~
(babel)             in language  on input line 421.
[46]
Package babel Info: Redefining russian shorthand "|
(babel)             in language  on input line 421.
Package babel Info: Redefining russian shorthand "~
(babel)             in language  on input line 421.
Package babel Info: Redefining russian shorthand "|
(babel)             in language  on input line 421.
Package babel Info: Redefining russian shorthand "~
(babel)             in language  on input line 421.
 [47]
Package babel Info: Redefining russian shorthand "|
(babel)             in language  on input line 421.
Package babel Info: Redefining russian shorthand "~
(babel)             in language  on input line 421.
Package babel Info: Redefining russian shorthand "|
(babel)             in language  on input line 421.
Package babel Info: Redefining russian shorthand "~
(babel)             in language  on input line 421.
 [48]
Overfull \hbox (11.94801pt too wide) in paragraph at lines 421--421
[]\T2A/fer/m/n/10 <<i<<"','"<<(qrand()%20+10)<<"','"<<qrand()%4+2012<<"','"[] 
 []


Overfull \hbox (23.94801pt too wide) in paragraph at lines 421--421
[]\T2A/fer/m/n/10 <<formaOby[qrand()%formaOby.size()]<<"','"<<student[qrand()[]
 
 []


Overfull \hbox (11.94801pt too wide) in paragraph at lines 421--421
[]\T2A/fer/m/n/10 %spec<<"','"<<qrand()%fakyltet<<"','"<<qrand()%kaf<<"')";[] 
 []

Package babel Info: Redefining russian shorthand "|
(babel)             in language  on input line 421.
Package babel Info: Redefining russian shorthand "~
(babel)             in language  on input line 421.
Package babel Info: Redefining russian shorthand "|
(babel)             in language  on input line 421.
Package babel Info: Redefining russian shorthand "~
(babel)             in language  on input line 421.
[49]
Package babel Info: Redefining russian shorthand "|
(babel)             in language  on input line 421.
Package babel Info: Redefining russian shorthand "~
(babel)             in language  on input line 421.
Package babel Info: Redefining russian shorthand "|
(babel)             in language  on input line 421.
Package babel Info: Redefining russian shorthand "~
(babel)             in language  on input line 421.
 [50]
Package babel Info: Redefining russian shorthand "|
(babel)             in language  on input line 421.
Package babel Info: Redefining russian shorthand "~
(babel)             in language  on input line 421.
Package babel Info: Redefining russian shorthand "|
(babel)             in language  on input line 421.
Package babel Info: Redefining russian shorthand "~
(babel)             in language  on input line 421.
 [51])
Package babel Info: Redefining russian shorthand "|
(babel)             in language  on input line 166.
Package babel Info: Redefining russian shorthand "~
(babel)             in language  on input line 166.
Package babel Info: Redefining russian shorthand "|
(babel)             in language  on input line 168.
Package babel Info: Redefining russian shorthand "~
(babel)             in language  on input line 168.
Package babel Info: Redefining russian shorthand "|
(babel)             in language  on input line 170.
Package babel Info: Redefining russian shorthand "~
(babel)             in language  on input line 170.
Package babel Info: Redefining russian shorthand "|
(babel)             in language  on input line 172.
Package babel Info: Redefining russian shorthand "~
(babel)             in language  on input line 172.
Package babel Info: Redefining russian shorthand "|
(babel)             in language  on input line 174.
Package babel Info: Redefining russian shorthand "~
(babel)             in language  on input line 174.
Package babel Info: Redefining russian shorthand "|
(babel)             in language  on input line 176.
Package babel Info: Redefining russian shorthand "~
(babel)             in language  on input line 176.
Package babel Info: Redefining russian shorthand "|
(babel)             in language  on input line 184.
Package babel Info: Redefining russian shorthand "~
(babel)             in language  on input line 184.
Package babel Info: Redefining russian shorthand "|
(babel)             in language  on input line 186.
Package babel Info: Redefining russian shorthand "~
(babel)             in language  on input line 186.
Package babel Info: Redefining russian shorthand "|
(babel)             in language  on input line 188.
Package babel Info: Redefining russian shorthand "~
(babel)             in language  on input line 188.
 
AED: lastpage setting LastPage
Package babel Info: Redefining russian shorthand "|
(babel)             in language  on input line 190.
Package babel Info: Redefining russian shorthand "~
(babel)             in language  on input line 190.
Package babel Info: Redefining russian shorthand "|
(babel)             in language  on input line 190.
Package babel Info: Redefining russian shorthand "~
(babel)             in language  on input line 190.
[52]
Package babel Info: Redefining russian shorthand "|
(babel)             in language  on input line 190.
Package babel Info: Redefining russian shorthand "~
(babel)             in language  on input line 190.
Package babel Info: Redefining russian shorthand "|
(babel)             in language  on input line 190.
Package babel Info: Redefining russian shorthand "~
(babel)             in language  on input line 190.
 [53]
Package babel Info: Redefining russian shorthand "|
(babel)             in language  on input line 190.
Package babel Info: Redefining russian shorthand "~
(babel)             in language  on input line 190.
Package atveryend Info: Empty hook `BeforeClearDocument' on input line 190.
Package atveryend Info: Empty hook `AfterLastShipout' on input line 190.
 (database.aux)
Package atveryend Info: Executing hook `AtVeryEndDocument' on input line 190.
Package atveryend Info: Executing hook `AtEndAfterFileList' on input line 190.
Package rerunfilecheck Info: File `database.out' has not changed.
(rerunfilecheck)             Checksum: 5F83364F74BE5E684FF2C2B22C1FE718;9937.


LaTeX Font Warning: Some font shapes were not available, defaults substituted.


LaTeX Warning: There were undefined references.


LaTeX Warning: There were multiply-defined labels.

Package atveryend Info: Empty hook `AtVeryVeryEnd' on input line 190.
 ) 
Here is how much of TeX's memory you used:
 11709 strings out of 493323
 169411 string characters out of 3139060
 353428 words of memory out of 3000000
 14943 multiletter control sequences out of 15000+200000
 21233 words of font info for 27 fonts, out of 3000000 for 9000
 1141 hyphenation exceptions out of 8191
 36i,8n,38p,1965b,564s stack positions out of 5000i,500n,10000p,200000b,50000s
{C:/Program Files/MiKTeX 2.9/fonts/enc/t2/t2a.enc}<C:/Program Files/MiKTeX 2.
9/fonts/type1/public/pscyr/antiq5.pfb><C:/Program Files/MiKTeX 2.9/fonts/type1/
public/pscyr/antiq6.pfb><C:/Program Files/MiKTeX 2.9/fonts/type1/public/pscyr/a
ntiq7.pfb><C:/Program Files/MiKTeX 2.9/fonts/type1/public/amsfonts/cm/cmsy10.pf
b><C:/Program Files/MiKTeX 2.9/fonts/type1/public/pscyr/ercour.pfb>
Output written on database.pdf (53 pages, 1357248 bytes).
PDF statistics:
 500 PDF objects out of 1000 (max. 8388607)
 120 named destinations out of 1000 (max. 500000)
 313 words of extra memory for PDF output out of 10000 (max. 10000000)

